<?xml version="1.0" encoding="UTF-8"?>
<testng-results ignored="0" total="1" passed="1" failed="0" skipped="0">
  <reporter-output>
  </reporter-output>
  <suite started-at="2024-08-22T19:43:16 IST" name="Suite" finished-at="2024-08-22T19:44:16 IST" duration-ms="60714">
    <groups>
    </groups>
    <test started-at="2024-08-22T19:43:16 IST" name="Test" finished-at="2024-08-22T19:44:16 IST" duration-ms="60714">
      <class name="tests.AlertMessages">
        <test-method is-config="true" signature="startReport()[pri:0, instance:tests.AlertMessages@aba625]" started-at="2024-08-22T19:43:15 IST" name="startReport" finished-at="2024-08-22T19:43:16 IST" duration-ms="489" status="PASS">
          <reporter-output>
          </reporter-output>
        </test-method> <!-- startReport -->
        <test-method is-config="true" signature="setData()[pri:0, instance:tests.AlertMessages@aba625]" started-at="2024-08-22T19:43:16 IST" name="setData" finished-at="2024-08-22T19:43:16 IST" duration-ms="1" status="PASS">
          <reporter-output>
          </reporter-output>
        </test-method> <!-- setData -->
        <test-method is-config="true" signature="testcaseDetails()[pri:0, instance:tests.AlertMessages@aba625]" started-at="2024-08-22T19:43:16 IST" name="testcaseDetails" finished-at="2024-08-22T19:43:16 IST" duration-ms="1" status="PASS">
          <reporter-output>
          </reporter-output>
        </test-method> <!-- testcaseDetails -->
        <test-method is-config="true" signature="browserSetup(java.lang.String,java.lang.String)[pri:0, instance:tests.AlertMessages@aba625]" started-at="2024-08-22T19:43:18 IST" name="browserSetup" finished-at="2024-08-22T19:44:07 IST" duration-ms="49046" status="PASS">
          <params>
            <param index="0">
              <value>
                <![CDATA[chrome]]>
              </value>
            </param>
            <param index="1">
              <value>
                <![CDATA[https://demo.automationtesting.in/Alerts.html]]>
              </value>
            </param>
          </params>
          <reporter-output>
          </reporter-output>
        </test-method> <!-- browserSetup -->
        <test-method signature="checkalertMessages(java.lang.String,java.lang.String)[pri:0, instance:tests.AlertMessages@aba625]" started-at="2024-08-22T19:44:07 IST" name="checkalertMessages" data-provider="alertMessages" finished-at="2024-08-22T19:44:13 IST" duration-ms="5828" status="PASS">
          <params>
            <param index="0">
              <value>
                <![CDATA[click the button to display a confirm box]]>
              </value>
            </param>
            <param index="1">
              <value>
                <![CDATA[click the button to demonstrate the prompt box]]>
              </value>
            </param>
          </params>
          <reporter-output>
          </reporter-output>
        </test-method> <!-- checkalertMessages -->
        <test-method is-config="true" signature="tearDown()[pri:0, instance:tests.AlertMessages@aba625]" started-at="2024-08-22T19:44:13 IST" name="tearDown" finished-at="2024-08-22T19:44:16 IST" duration-ms="3624" status="PASS">
          <reporter-output>
          </reporter-output>
        </test-method> <!-- tearDown -->
        <test-method is-config="true" signature="stopReport()[pri:0, instance:tests.AlertMessages@aba625]" started-at="2024-08-22T19:44:16 IST" name="stopReport" finished-at="2024-08-22T19:44:17 IST" duration-ms="1084" status="PASS">
          <reporter-output>
          </reporter-output>
        </test-method> <!-- stopReport -->
      </class> <!-- tests.AlertMessages -->
    </test> <!-- Test -->
  </suite> <!-- Suite -->
</testng-results>
